<?xml version="1.0" encoding="UTF-8"?>
<testsuite xmlns:xsi="http://www.w3.org/2001/XMLSchema-instance" xsi:noNamespaceSchemaLocation="https://maven.apache.org/surefire/maven-surefire-plugin/xsd/surefire-test-report-3.0.xsd" version="3.0" name="runners.RunCucumberTest" time="9.665" tests="3" errors="0" skipped="0" failures="0">
  <properties>
[...]
</properties>
  <testcase name="Valid login" classname="Login" time="5.886">
    <system-out><![CDATA[
Scenario: Valid login                                                    &amp#27;[90m# features/login.feature:4&amp#27;[0m
  &amp#27;[32mGiven &amp#27;[0m&amp#27;[32mI am on the SauceDemo login page&amp#27;[0m                                 &amp#27;[90m# steps.LoginSteps.iAmOnTheSauceDemoLoginPage()&amp#27;[0m
  &amp#27;[32mWhen &amp#27;[0m&amp#27;[32mI login with username &amp#27;[0m&amp#27;[32m&amp#27;[1m"standard_user"&amp#27;[0m&amp#27;[32m and password &amp#27;[0m&amp#27;[32m&amp#27;[1m"secret_sauce"&amp#27;[0m &amp#27;[90m# steps.LoginSteps.iLogin(java.lang.String,java.lang.String)&amp#27;[0m
  &amp#27;[32mThen &amp#27;[0m&amp#27;[32mI should see the products page&amp#27;[0m                                    &amp#27;[90m# steps.LoginSteps.iShouldSeeTheProductsPage()&amp#27;[0m
]]></system-out>
    <system-err><![CDATA[SLF4J(W): No SLF4J providers were found.
SLF4J(W): Defaulting to no-operation (NOP) logger implementation
SLF4J(W): See https://www.slf4j.org/codes.html#noProviders for further details.
Oct 27, 2025 7:21:43 AM org.openqa.selenium.remote.tracing.opentelemetry.OpenTelemetryTracer createTracer
INFO: Using OpenTelemetry for tracing
]]></system-err>
  </testcase>
  <testcase name="Example #1.1" classname="Examples" time="1.714">
    <system-out><![CDATA[
Scenario Outline: Invalid login                                            &amp#27;[90m# features/login.feature:16&amp#27;[0m
  &amp#27;[32mGiven &amp#27;[0m&amp#27;[32mI am on the SauceDemo login page&amp#27;[0m                                   &amp#27;[90m# steps.LoginSteps.iAmOnTheSauceDemoLoginPage()&amp#27;[0m
  &amp#27;[32mWhen &amp#27;[0m&amp#27;[32mI login with username &amp#27;[0m&amp#27;[32m&amp#27;[1m"locked_out_user"&amp#27;[0m&amp#27;[32m and password &amp#27;[0m&amp#27;[32m&amp#27;[1m"secret_sauce"&amp#27;[0m &amp#27;[90m# steps.LoginSteps.iLogin(java.lang.String,java.lang.String)&amp#27;[0m
  &amp#27;[32mThen &amp#27;[0m&amp#27;[32mI should see an error &amp#27;[0m&amp#27;[32m&amp#27;[1m"Sorry, this user has been locked out."&amp#27;[0m       &amp#27;[90m# steps.LoginSteps.iShouldSeeAnError(java.lang.String)&amp#27;[0m
]]></system-out>
  </testcase>
  <testcase name="Example #1.2" classname="Examples" time="1.482">
    <system-out><![CDATA[
Scenario Outline: Invalid login                                      &amp#27;[90m# features/login.feature:17&amp#27;[0m
  &amp#27;[32mGiven &amp#27;[0m&amp#27;[32mI am on the SauceDemo login page&amp#27;[0m                             &amp#27;[90m# steps.LoginSteps.iAmOnTheSauceDemoLoginPage()&amp#27;[0m
  &amp#27;[32mWhen &amp#27;[0m&amp#27;[32mI login with username &amp#27;[0m&amp#27;[32m&amp#27;[1m"standard_user"&amp#27;[0m&amp#27;[32m and password &amp#27;[0m&amp#27;[32m&amp#27;[1m"wrong"&amp#27;[0m    &amp#27;[90m# steps.LoginSteps.iLogin(java.lang.String,java.lang.String)&amp#27;[0m
  &amp#27;[32mThen &amp#27;[0m&amp#27;[32mI should see an error &amp#27;[0m&amp#27;[32m&amp#27;[1m"do not match any user in this service"&amp#27;[0m &amp#27;[90m# steps.LoginSteps.iShouldSeeAnError(java.lang.String)&amp#27;[0m
]]></system-out>
  </testcase>
</testsuite>